bin\kinectNuiExample_debug.ilk
C:\USERS\NANAKA\DESKTOP\OF_V0.7.4_VS2010_RELEASE\APPS\MYAPPS\MINIPROJECT\BIN\KINECTNUIEXAMPLE_DEBUG.EXE
C:\Users\Nanaka\Desktop\of_v0.7.4_vs2010_release\apps\myApps\miniProject\bin\kinectNuiExample_debug.exp
C:\USERS\NANAKA\DESKTOP\OF_V0.7.4_VS2010_RELEASE\APPS\MYAPPS\MINIPROJECT\BIN\KINECTNUIEXAMPLE_DEBUG.ILK
C:\Users\Nanaka\Desktop\of_v0.7.4_vs2010_release\apps\myApps\miniProject\bin\kinectNuiExample_debug.lib
C:\USERS\NANAKA\DESKTOP\OF_V0.7.4_VS2010_RELEASE\APPS\MYAPPS\MINIPROJECT\BIN\KINECTNUIEXAMPLE_DEBUG_DEBUGINFO.PDB
C:\USERS\NANAKA\DESKTOP\OF_V0.7.4_VS2010_RELEASE\APPS\MYAPPS\MINIPROJECT\OBJ\DEBUG\AUDIOSTREAM.OBJ
C:\Users\Nanaka\Desktop\of_v0.7.4_vs2010_release\apps\myApps\miniProject\obj\Debug\cl.command.1.tlog
C:\Users\Nanaka\Desktop\of_v0.7.4_vs2010_release\apps\myApps\miniProject\obj\Debug\CL.read.1.tlog
C:\Users\Nanaka\Desktop\of_v0.7.4_vs2010_release\apps\myApps\miniProject\obj\Debug\CL.write.1.tlog
C:\USERS\NANAKA\DESKTOP\OF_V0.7.4_VS2010_RELEASE\APPS\MYAPPS\MINIPROJECT\OBJ\DEBUG\EVENT.OBJ
C:\USERS\NANAKA\DESKTOP\OF_V0.7.4_VS2010_RELEASE\APPS\MYAPPS\MINIPROJECT\OBJ\DEBUG\IMAGEFRAME.OBJ
C:\USERS\NANAKA\DESKTOP\OF_V0.7.4_VS2010_RELEASE\APPS\MYAPPS\MINIPROJECT\OBJ\DEBUG\IMAGESTREAM.OBJ
C:\USERS\NANAKA\DESKTOP\OF_V0.7.4_VS2010_RELEASE\APPS\MYAPPS\MINIPROJECT\OBJ\DEBUG\KINECT.OBJ
C:\USERS\NANAKA\DESKTOP\OF_V0.7.4_VS2010_RELEASE\APPS\MYAPPS\MINIPROJECT\OBJ\DEBUG\KINECTCONTEXT.OBJ
C:\Users\Nanaka\Desktop\of_v0.7.4_vs2010_release\apps\myApps\miniProject\obj\Debug\kinectNuiExample.write.1.tlog
C:\USERS\NANAKA\DESKTOP\OF_V0.7.4_VS2010_RELEASE\APPS\MYAPPS\MINIPROJECT\OBJ\DEBUG\KINECTNUIEXAMPLE_DEBUG.EXE.EMBED.MANIFEST
C:\USERS\NANAKA\DESKTOP\OF_V0.7.4_VS2010_RELEASE\APPS\MYAPPS\MINIPROJECT\OBJ\DEBUG\KINECTNUIEXAMPLE_DEBUG.EXE.EMBED.MANIFEST.RES
C:\USERS\NANAKA\DESKTOP\OF_V0.7.4_VS2010_RELEASE\APPS\MYAPPS\MINIPROJECT\OBJ\DEBUG\KINECTNUIEXAMPLE_DEBUG.EXE.INTERMEDIATE.MANIFEST
C:\Users\Nanaka\Desktop\of_v0.7.4_vs2010_release\apps\myApps\miniProject\obj\Debug\kinectNuiExample_debug_manifest.rc
C:\Users\Nanaka\Desktop\of_v0.7.4_vs2010_release\apps\myApps\miniProject\obj\Debug\link.4832.read.1.tlog
C:\Users\Nanaka\Desktop\of_v0.7.4_vs2010_release\apps\myApps\miniProject\obj\Debug\link.4832.write.1.tlog
C:\Users\Nanaka\Desktop\of_v0.7.4_vs2010_release\apps\myApps\miniProject\obj\Debug\link.4832-cvtres.read.1.tlog
C:\Users\Nanaka\Desktop\of_v0.7.4_vs2010_release\apps\myApps\miniProject\obj\Debug\link.4832-cvtres.write.1.tlog
C:\Users\Nanaka\Desktop\of_v0.7.4_vs2010_release\apps\myApps\miniProject\obj\Debug\link.command.1.tlog
C:\Users\Nanaka\Desktop\of_v0.7.4_vs2010_release\apps\myApps\miniProject\obj\Debug\link.read.1.tlog
C:\Users\Nanaka\Desktop\of_v0.7.4_vs2010_release\apps\myApps\miniProject\obj\Debug\link.write.1.tlog
C:\Users\Nanaka\Desktop\of_v0.7.4_vs2010_release\apps\myApps\miniProject\obj\Debug\link-cvtres.read.1.tlog
C:\Users\Nanaka\Desktop\of_v0.7.4_vs2010_release\apps\myApps\miniProject\obj\Debug\link-cvtres.write.1.tlog
C:\USERS\NANAKA\DESKTOP\OF_V0.7.4_VS2010_RELEASE\APPS\MYAPPS\MINIPROJECT\OBJ\DEBUG\MAIN.OBJ
C:\Users\Nanaka\Desktop\of_v0.7.4_vs2010_release\apps\myApps\miniProject\obj\Debug\mt.command.1.tlog
C:\Users\Nanaka\Desktop\of_v0.7.4_vs2010_release\apps\myApps\miniProject\obj\Debug\mt.read.1.tlog
C:\Users\Nanaka\Desktop\of_v0.7.4_vs2010_release\apps\myApps\miniProject\obj\Debug\mt.write.1.tlog
C:\USERS\NANAKA\DESKTOP\OF_V0.7.4_VS2010_RELEASE\APPS\MYAPPS\MINIPROJECT\OBJ\DEBUG\OFXKINECTNUI.OBJ
C:\USERS\NANAKA\DESKTOP\OF_V0.7.4_VS2010_RELEASE\APPS\MYAPPS\MINIPROJECT\OBJ\DEBUG\OFXKINECTNUIDRAW.OBJ
C:\USERS\NANAKA\DESKTOP\OF_V0.7.4_VS2010_RELEASE\APPS\MYAPPS\MINIPROJECT\OBJ\DEBUG\OFXKINECTNUIPLAYER.OBJ
C:\USERS\NANAKA\DESKTOP\OF_V0.7.4_VS2010_RELEASE\APPS\MYAPPS\MINIPROJECT\OBJ\DEBUG\OFXKINECTNUIRECORDER.OBJ
C:\Users\Nanaka\Desktop\of_v0.7.4_vs2010_release\apps\myApps\miniProject\obj\Debug\rc.command.1.tlog
C:\Users\Nanaka\Desktop\of_v0.7.4_vs2010_release\apps\myApps\miniProject\obj\Debug\rc.read.1.tlog
C:\Users\Nanaka\Desktop\of_v0.7.4_vs2010_release\apps\myApps\miniProject\obj\Debug\rc.write.1.tlog
C:\USERS\NANAKA\DESKTOP\OF_V0.7.4_VS2010_RELEASE\APPS\MYAPPS\MINIPROJECT\OBJ\DEBUG\SKELETONENGINE.OBJ
C:\USERS\NANAKA\DESKTOP\OF_V0.7.4_VS2010_RELEASE\APPS\MYAPPS\MINIPROJECT\OBJ\DEBUG\SKELETONFRAME.OBJ
C:\USERS\NANAKA\DESKTOP\OF_V0.7.4_VS2010_RELEASE\APPS\MYAPPS\MINIPROJECT\OBJ\DEBUG\TESTAPP.OBJ
C:\Users\Nanaka\Desktop\of_v0.7.4_vs2010_release\apps\myApps\miniProject\obj\Debug\vc100.idb
C:\USERS\NANAKA\DESKTOP\OF_V0.7.4_VS2010_RELEASE\APPS\MYAPPS\MINIPROJECT\OBJ\DEBUG\VC100.PDB
