C:\USERS\NANAKA\DESKTOP\OF_V0.7.4_VS2010_RELEASE\APPS\MYAPPS\MINIPROJECT\BIN\KINECTNUIEXAMPLE.EXE
C:\Users\Nanaka\Desktop\of_v0.7.4_vs2010_release\apps\myApps\miniProject\bin\kinectNuiExample.exp
C:\Users\Nanaka\Desktop\of_v0.7.4_vs2010_release\apps\myApps\miniProject\bin\kinectNuiExample.lib
C:\USERS\NANAKA\DESKTOP\OF_V0.7.4_VS2010_RELEASE\APPS\MYAPPS\MINIPROJECT\OBJ\RELEASE\AUDIOSTREAM.OBJ
C:\USERS\NANAKA\DESKTOP\OF_V0.7.4_VS2010_RELEASE\APPS\MYAPPS\MINIPROJECT\OBJ\RELEASE\EVENT.OBJ
C:\USERS\NANAKA\DESKTOP\OF_V0.7.4_VS2010_RELEASE\APPS\MYAPPS\MINIPROJECT\OBJ\RELEASE\IMAGEFRAME.OBJ
C:\USERS\NANAKA\DESKTOP\OF_V0.7.4_VS2010_RELEASE\APPS\MYAPPS\MINIPROJECT\OBJ\RELEASE\IMAGESTREAM.OBJ
C:\USERS\NANAKA\DESKTOP\OF_V0.7.4_VS2010_RELEASE\APPS\MYAPPS\MINIPROJECT\OBJ\RELEASE\KINECT.OBJ
C:\USERS\NANAKA\DESKTOP\OF_V0.7.4_VS2010_RELEASE\APPS\MYAPPS\MINIPROJECT\OBJ\RELEASE\KINECTCONTEXT.OBJ
C:\USERS\NANAKA\DESKTOP\OF_V0.7.4_VS2010_RELEASE\APPS\MYAPPS\MINIPROJECT\OBJ\RELEASE\KINECTNUIEXAMPLE.EXE.INTERMEDIATE.MANIFEST
C:\USERS\NANAKA\DESKTOP\OF_V0.7.4_VS2010_RELEASE\APPS\MYAPPS\MINIPROJECT\OBJ\RELEASE\MAIN.OBJ
C:\USERS\NANAKA\DESKTOP\OF_V0.7.4_VS2010_RELEASE\APPS\MYAPPS\MINIPROJECT\OBJ\RELEASE\OFXKINECTNUI.OBJ
C:\USERS\NANAKA\DESKTOP\OF_V0.7.4_VS2010_RELEASE\APPS\MYAPPS\MINIPROJECT\OBJ\RELEASE\OFXKINECTNUIDRAW.OBJ
C:\USERS\NANAKA\DESKTOP\OF_V0.7.4_VS2010_RELEASE\APPS\MYAPPS\MINIPROJECT\OBJ\RELEASE\OFXKINECTNUIPLAYER.OBJ
C:\USERS\NANAKA\DESKTOP\OF_V0.7.4_VS2010_RELEASE\APPS\MYAPPS\MINIPROJECT\OBJ\RELEASE\OFXKINECTNUIRECORDER.OBJ
C:\USERS\NANAKA\DESKTOP\OF_V0.7.4_VS2010_RELEASE\APPS\MYAPPS\MINIPROJECT\OBJ\RELEASE\SKELETONENGINE.OBJ
C:\USERS\NANAKA\DESKTOP\OF_V0.7.4_VS2010_RELEASE\APPS\MYAPPS\MINIPROJECT\OBJ\RELEASE\SKELETONFRAME.OBJ
C:\USERS\NANAKA\DESKTOP\OF_V0.7.4_VS2010_RELEASE\APPS\MYAPPS\MINIPROJECT\OBJ\RELEASE\TESTAPP.OBJ
C:\USERS\NANAKA\DESKTOP\OF_V0.7.4_VS2010_RELEASE\APPS\MYAPPS\MINIPROJECTPROJECTION\BIN\KINECTNUIEXAMPLE.EXE
C:\Users\Nanaka\Desktop\of_v0.7.4_vs2010_release\apps\myApps\miniProjectProjection\bin\kinectNuiExample.exp
C:\Users\Nanaka\Desktop\of_v0.7.4_vs2010_release\apps\myApps\miniProjectProjection\bin\kinectNuiExample.lib
C:\USERS\NANAKA\DESKTOP\OF_V0.7.4_VS2010_RELEASE\APPS\MYAPPS\MINIPROJECTPROJECTION\OBJ\RELEASE\KINECTNUIEXAMPLE.EXE.INTERMEDIATE.MANIFEST
C:\USERS\NANAKA\DESKTOP\OF_V0.7.4_VS2010_RELEASE\APPS\MYAPPS\MINIPROJECTPROJECTION\OBJ\RELEASE\MAIN.OBJ
C:\USERS\NANAKA\DESKTOP\OF_V0.7.4_VS2010_RELEASE\APPS\MYAPPS\MINIPROJECTPROJECTION\OBJ\RELEASE\PATTERNS.OBJ
C:\USERS\NANAKA\DESKTOP\OF_V0.7.4_VS2010_RELEASE\APPS\MYAPPS\MINIPROJECTPROJECTION\OBJ\RELEASE\TESTAPP.OBJ
C:\USERS\NANAKA\DESKTOP\OF_V0.7.4_VS2010_RELEASE\APPS\MYAPPS\MINIPROJECTPROJECTIONWITHARDUINO\BIN\KINECTNUIEXAMPLE.EXE
C:\Users\Nanaka\Desktop\of_v0.7.4_vs2010_release\apps\myApps\miniProjectProjectionwithArduino\bin\kinectNuiExample.exp
C:\Users\Nanaka\Desktop\of_v0.7.4_vs2010_release\apps\myApps\miniProjectProjectionwithArduino\bin\kinectNuiExample.lib
C:\USERS\NANAKA\DESKTOP\OF_V0.7.4_VS2010_RELEASE\APPS\MYAPPS\MINIPROJECTPROJECTIONWITHARDUINO\OBJ\RELEASE\KINECTNUIEXAMPLE.EXE.INTERMEDIATE.MANIFEST
C:\USERS\NANAKA\DESKTOP\OF_V0.7.4_VS2010_RELEASE\APPS\MYAPPS\MINIPROJECTPROJECTIONWITHARDUINO\OBJ\RELEASE\MAIN.OBJ
C:\USERS\NANAKA\DESKTOP\OF_V0.7.4_VS2010_RELEASE\APPS\MYAPPS\MINIPROJECTPROJECTIONWITHARDUINO\OBJ\RELEASE\PATTERNS.OBJ
C:\USERS\NANAKA\DESKTOP\OF_V0.7.4_VS2010_RELEASE\APPS\MYAPPS\MINIPROJECTPROJECTIONWITHARDUINO\OBJ\RELEASE\TESTAPP.OBJ
C:\USERS\NANAKA\DESKTOP\OF_V0.7.4_VS2010_RELEASE\APPS\MYAPPS\MINIPROJECTPROJECTIONWITHARDUINOFINAL\BIN\KINECTNUIEXAMPLE.EXE
C:\Users\Nanaka\Desktop\of_v0.7.4_vs2010_release\apps\myApps\miniProjectProjectionwithArduinoFinal\bin\kinectNuiExample.exp
C:\Users\Nanaka\Desktop\of_v0.7.4_vs2010_release\apps\myApps\miniProjectProjectionwithArduinoFinal\bin\kinectNuiExample.lib
C:\Users\Nanaka\Desktop\of_v0.7.4_vs2010_release\apps\myApps\miniProjectProjectionwithArduinoFinal\obj\Release\AudioStream.obj
C:\Users\Nanaka\Desktop\of_v0.7.4_vs2010_release\apps\myApps\miniProjectProjectionwithArduinoFinal\obj\Release\cl.command.1.tlog
C:\Users\Nanaka\Desktop\of_v0.7.4_vs2010_release\apps\myApps\miniProjectProjectionwithArduinoFinal\obj\Release\CL.read.1.tlog
C:\Users\Nanaka\Desktop\of_v0.7.4_vs2010_release\apps\myApps\miniProjectProjectionwithArduinoFinal\obj\Release\CL.write.1.tlog
C:\Users\Nanaka\Desktop\of_v0.7.4_vs2010_release\apps\myApps\miniProjectProjectionwithArduinoFinal\obj\Release\Event.obj
C:\USERS\NANAKA\DESKTOP\OF_V0.7.4_VS2010_RELEASE\APPS\MYAPPS\MINIPROJECTPROJECTIONWITHARDUINOFINAL\OBJ\RELEASE\GRABBER.OBJ
C:\Users\Nanaka\Desktop\of_v0.7.4_vs2010_release\apps\myApps\miniProjectProjectionwithArduinoFinal\obj\Release\ImageFrame.obj
C:\Users\Nanaka\Desktop\of_v0.7.4_vs2010_release\apps\myApps\miniProjectProjectionwithArduinoFinal\obj\Release\ImageStream.obj
C:\Users\Nanaka\Desktop\of_v0.7.4_vs2010_release\apps\myApps\miniProjectProjectionwithArduinoFinal\obj\Release\Kinect.obj
C:\Users\Nanaka\Desktop\of_v0.7.4_vs2010_release\apps\myApps\miniProjectProjectionwithArduinoFinal\obj\Release\KinectContext.obj
C:\USERS\NANAKA\DESKTOP\OF_V0.7.4_VS2010_RELEASE\APPS\MYAPPS\MINIPROJECTPROJECTIONWITHARDUINOFINAL\OBJ\RELEASE\KINECTNUIEXAMPLE.EXE.INTERMEDIATE.MANIFEST
C:\Users\Nanaka\Desktop\of_v0.7.4_vs2010_release\apps\myApps\miniProjectProjectionwithArduinoFinal\obj\Release\kinectNuiExample.write.1.tlog
C:\Users\Nanaka\Desktop\of_v0.7.4_vs2010_release\apps\myApps\miniProjectProjectionwithArduinoFinal\obj\Release\link.command.1.tlog
C:\Users\Nanaka\Desktop\of_v0.7.4_vs2010_release\apps\myApps\miniProjectProjectionwithArduinoFinal\obj\Release\link.read.1.tlog
C:\Users\Nanaka\Desktop\of_v0.7.4_vs2010_release\apps\myApps\miniProjectProjectionwithArduinoFinal\obj\Release\link.write.1.tlog
C:\USERS\NANAKA\DESKTOP\OF_V0.7.4_VS2010_RELEASE\APPS\MYAPPS\MINIPROJECTPROJECTIONWITHARDUINOFINAL\OBJ\RELEASE\MAIN.OBJ
C:\Users\Nanaka\Desktop\of_v0.7.4_vs2010_release\apps\myApps\miniProjectProjectionwithArduinoFinal\obj\Release\mt.command.1.tlog
C:\Users\Nanaka\Desktop\of_v0.7.4_vs2010_release\apps\myApps\miniProjectProjectionwithArduinoFinal\obj\Release\mt.read.1.tlog
C:\Users\Nanaka\Desktop\of_v0.7.4_vs2010_release\apps\myApps\miniProjectProjectionwithArduinoFinal\obj\Release\mt.write.1.tlog
C:\Users\Nanaka\Desktop\of_v0.7.4_vs2010_release\apps\myApps\miniProjectProjectionwithArduinoFinal\obj\Release\ofxKinectNui.obj
C:\Users\Nanaka\Desktop\of_v0.7.4_vs2010_release\apps\myApps\miniProjectProjectionwithArduinoFinal\obj\Release\ofxKinectNuiDraw.obj
C:\Users\Nanaka\Desktop\of_v0.7.4_vs2010_release\apps\myApps\miniProjectProjectionwithArduinoFinal\obj\Release\ofxKinectNuiPlayer.obj
C:\Users\Nanaka\Desktop\of_v0.7.4_vs2010_release\apps\myApps\miniProjectProjectionwithArduinoFinal\obj\Release\ofxKinectNuiRecorder.obj
C:\USERS\NANAKA\DESKTOP\OF_V0.7.4_VS2010_RELEASE\APPS\MYAPPS\MINIPROJECTPROJECTIONWITHARDUINOFINAL\OBJ\RELEASE\PATTERNS.OBJ
C:\Users\Nanaka\Desktop\of_v0.7.4_vs2010_release\apps\myApps\miniProjectProjectionwithArduinoFinal\obj\Release\ResolveAssemblyReference.cache
C:\Users\Nanaka\Desktop\of_v0.7.4_vs2010_release\apps\myApps\miniProjectProjectionwithArduinoFinal\obj\Release\SkeletonEngine.obj
C:\Users\Nanaka\Desktop\of_v0.7.4_vs2010_release\apps\myApps\miniProjectProjectionwithArduinoFinal\obj\Release\SkeletonFrame.obj
C:\USERS\NANAKA\DESKTOP\OF_V0.7.4_VS2010_RELEASE\APPS\MYAPPS\MINIPROJECTPROJECTIONWITHARDUINOFINAL\OBJ\RELEASE\TESTAPP.OBJ
